[hue-alfred-workflow: request(put, /lights/5/state, {"on": false}) (2015-02-08-15:10:40)]
[hue-alfred-workflow: request(put, /groups/0/action, {"on": true}) (2015-02-08-20:03:18)]
[hue-alfred-workflow: request(put, /lights/3, {"name": "Desk"}) (2015-02-08-20:03:26)]
[hue-alfred-workflow: request(put, /lights/1/state, {"on": true, "xy": [0.6352, 0.3411], "bri": 115}) (2015-02-08-20:39:24)]
[hue-alfred-workflow: request(put, /lights/3/state, {"on": true, "xy": [0.6352, 0.3411], "bri": 254}) (2015-02-08-20:39:24)]
[hue-alfred-workflow: request(put, /lights/2/state, {"on": true, "xy": [0.6352, 0.3411], "bri": 133}) (2015-02-08-20:39:24)]
[hue-alfred-workflow: request(put, /lights/5/state, {"on": true, "xy": [0.636, 0.341], "bri": 201}) (2015-02-08-20:39:24)]
[hue-alfred-workflow: request(put, /lights/4/state, {"on": true, "xy": [0.636, 0.341], "bri": 79}) (2015-02-08-20:39:24)]
[hue-alfred-workflow: request(put, /lights/6/state, {"on": true, "xy": [0.6352, 0.3411], "bri": 33}) (2015-02-08-20:39:24)]
[hue-alfred-workflow: request(put, /groups/0/action, {"on": false}) (2015-02-08-20:40:53)]
[hue-alfred-workflow: request(put, /lights/1/state, {"on": true, "xy": [0.6352, 0.3411], "bri": 115}) (2015-02-08-20:40:56)]
[hue-alfred-workflow: request(put, /lights/3/state, {"on": true, "xy": [0.6352, 0.3411], "bri": 254}) (2015-02-08-20:40:56)]
[hue-alfred-workflow: request(put, /lights/2/state, {"on": true, "xy": [0.6352, 0.3411], "bri": 133}) (2015-02-08-20:40:56)]
[hue-alfred-workflow: request(put, /lights/5/state, {"on": true, "xy": [0.636, 0.341], "bri": 201}) (2015-02-08-20:40:56)]
[hue-alfred-workflow: request(put, /lights/4/state, {"on": true, "xy": [0.636, 0.341], "bri": 79}) (2015-02-08-20:40:56)]
[hue-alfred-workflow: request(put, /lights/6/state, {"on": true, "xy": [0.6352, 0.3411], "bri": 33}) (2015-02-08-20:40:56)]
[hue-alfred-workflow: request(put, /groups/0/action, {"on": false}) (2015-02-08-20:43:42)]
[hue-alfred-workflow: request(put, /lights/1/state, {"on": true, "xy": [0.6352, 0.3411], "bri": 115}) (2015-02-08-20:43:49)]
[hue-alfred-workflow: request(put, /lights/3/state, {"on": true, "xy": [0.6352, 0.3411], "bri": 254}) (2015-02-08-20:43:50)]
[hue-alfred-workflow: request(put, /lights/2/state, {"on": true, "xy": [0.6352, 0.3411], "bri": 133}) (2015-02-08-20:43:50)]
[hue-alfred-workflow: request(put, /lights/5/state, {"on": true, "xy": [0.636, 0.341], "bri": 201}) (2015-02-08-20:43:50)]
[hue-alfred-workflow: request(put, /lights/4/state, {"on": true, "xy": [0.636, 0.341], "bri": 79}) (2015-02-08-20:43:50)]
[hue-alfred-workflow: request(put, /lights/6/state, {"on": true, "xy": [0.6352, 0.3411], "bri": 33}) (2015-02-08-20:43:50)]
[hue-alfred-workflow: request(put, /lights/3/state, {"on": true}) (2015-02-09-11:04:32)]
[hue-alfred-workflow: request(put, /lights/3/state, {"xy": [0.4091, 0.518]}) (2015-02-09-11:04:39)]
[hue-alfred-workflow: request(put, /lights/3/state, {"bri": 178}) (2015-02-09-11:04:49)]
[hue-alfred-workflow: request(put, /groups/0/action, {"xy": [0.6183331216728963, 0.31739653470066925]}) (2015-02-09-18:01:07)]
[hue-alfred-workflow: request(put, /groups/0/action, {"xy": [0.5222549071378519, 0.43379438323826236]}) (2015-02-09-18:01:26)]
[hue-alfred-workflow: request(put, /lights/3/state, {"xy": [0.33618074375880236, 0.3603696362840742]}) (2015-02-09-18:01:39)]
[hue-alfred-workflow: request(put, /lights/3/state, {"on": true}) (2015-02-11-17:46:55)]
[hue-alfred-workflow: request(put, /lights/3/state, {"on": true}) (2015-02-17-10:49:51)]
[hue-alfred-workflow: request(put, /lights/3/state, {"bri": 153}) (2015-02-17-10:49:59)]
[hue-alfred-workflow: request(put, /lights/3/state, {"on": true}) (2015-02-19-17:49:13)]
[hue-alfred-workflow: request(put, /lights/2/state, {"xy": [0.3493466126302655, 0.23544237330783022]}) (2015-02-22-02:20:07)]
[hue-alfred-workflow: request(put, /lights/2/state, {"xy": [0.3672606173402251, 0.3834409393445155]}) (2015-02-22-02:20:30)]
[hue-alfred-workflow: request(put, /lights/2/state, {"xy": [0.21310504049060588, 0.13102936536352583]}) (2015-02-22-02:20:45)]
[hue-alfred-workflow: request(put, /lights/2/state, {"xy": [0.4091, 0.518]}) (2015-02-22-02:21:08)]
[hue-alfred-workflow: request(put, /lights/5/state, {"on": true}) (2015-02-22-03:35:18)]
[hue-alfred-workflow: request(put, /groups/0/action, {"on": false}) (2015-03-03-18:34:55)]
[hue-alfred-workflow: request(put, /groups/0/action, {"on": true}) (2015-03-03-18:35:00)]
[hue-alfred-workflow: request(put, /lights/3/state, {"on": true}) (2015-03-04-18:04:25)]
[hue-alfred-workflow: request(put, /lights/3/state, {"bri": 255}) (2015-03-04-18:04:33)]
[hue-alfred-workflow: request(put, /groups/0/action, {"on": true}) (2015-03-04-21:37:20)]
[hue-alfred-workflow: request(put, /lights/3/state, {"on": true}) (2015-03-06-18:10:02)]
[hue-alfred-workflow: request(put, /lights/3/state, {"on": true}) (2015-03-08-19:01:31)]
[hue-alfred-workflow: request(put, /lights/3/state, {"bri": 255}) (2015-03-08-19:05:06)]
[hue-alfred-workflow: request(put, /lights/3/state, {"on": true}) (2015-03-10-19:05:36)]
[hue-alfred-workflow: request(put, /lights/3/state, {"on": true}) (2015-03-19-00:37:19)]
[hue-alfred-workflow: request(put, /lights/3/state, {"on": true}) (2015-03-20-12:01:35)]
[hue-alfred-workflow: request(put, /lights/3/state, {"xy": [0.33618074375880236, 0.3603696362840742]}) (2015-03-20-12:01:41)]
[hue-alfred-workflow: request(put, /lights/3/state, {"bri": 127}) (2015-03-20-12:01:55)]
[hue-alfred-workflow: request(put, /lights/3/state, {"on": true}) (2015-03-24-11:28:46)]
[hue-alfred-workflow: request(put, /groups/0/action, {"on": true}) (2015-03-25-00:30:40)]
[hue-alfred-workflow: request(put, /groups/0/action, {"on": false}) (2015-03-28-00:30:44)]
[hue-alfred-workflow: request(put, /groups/0/action, {"on": true}) (2015-03-28-00:30:47)]
[hue-alfred-workflow: request(put, /lights/3/state, {"on": false}) (2015-03-29-02:32:18)]
[hue-alfred-workflow: request(put, /lights/3/state, {"on": true}) (2015-03-29-02:32:23)]
[hue-alfred-workflow: request(put, /lights/3/state, {"xy": [0.167, 0.04]}) (2015-03-29-02:32:29)]
[hue-alfred-workflow: request(put, /lights/1/state, {"xy": [0.6484272236872118, 0.330856101472778]}) (2015-03-30-23:05:40)]
[hue-alfred-workflow: request(put, /groups/0/action, {"xy": [0.5222549071378519, 0.43379438323826236]}) (2015-03-30-23:43:12)]
[hue-alfred-workflow: request(put, /lights/1/state, {"xy": [0.48287129638834836, 0.46362175971374103]}) (2015-03-30-23:43:35)]
[hue-alfred-workflow: request(put, /lights/2/state, {"xy": [0.35647714483526455, 0.4141019216491386]}) (2015-03-30-23:43:35)]
[hue-alfred-workflow: request(put, /lights/3/state, {"xy": [0.4483909273191208, 0.48903790238981704]}) (2015-03-30-23:43:35)]
[hue-alfred-workflow: request(put, /lights/4/state, {"xy": [0.3836447113422013, 0.46774131359591997]}) (2015-03-30-23:43:35)]
[hue-alfred-workflow: request(put, /lights/5/state, {"xy": [0.4091, 0.518]}) (2015-03-30-23:43:35)]
[hue-alfred-workflow: request(put, /lights/6/state, {"xy": [0.167, 0.04]}) (2015-03-30-23:43:35)]
[hue-alfred-workflow: request(put, /lights/1/state, {"xy": [0.19444122548342205, 0.09237654925461543]}) (2015-03-30-23:43:43)]
[hue-alfred-workflow: request(put, /lights/2/state, {"xy": [0.171766239642404, 0.04941041945092567]}) (2015-03-30-23:43:43)]
[hue-alfred-workflow: request(put, /lights/3/state, {"xy": [0.17529713266658986, 0.05638178196873167]}) (2015-03-30-23:43:43)]
[hue-alfred-workflow: request(put, /lights/4/state, {"xy": [0.2514361450099545, 0.12231606928645634]}) (2015-03-30-23:43:43)]
[hue-alfred-workflow: request(put, /lights/5/state, {"xy": [0.4091, 0.518]}) (2015-03-30-23:43:43)]
[hue-alfred-workflow: request(put, /lights/6/state, {"xy": [0.1750242772920123, 0.05584305884172608]}) (2015-03-30-23:43:43)]
[hue-alfred-workflow: request(put, /lights/3/state, {"xy": [0.33359228287883697, 0.3689182619416938]}) (2015-03-31-22:31:53)]
[hue-alfred-workflow: request(put, /lights/5/state, {"on": false}) (2015-04-03-01:26:12)]
[hue-alfred-workflow: request(put, /lights/5/state, {"on": true}) (2015-04-03-01:26:19)]
[hue-alfred-workflow: request(put, /lights/5/state, {"xy": [0.167, 0.04]}) (2015-04-03-01:30:27)]
[hue-alfred-workflow: request(put, /lights/3/state, {"on": true}) (2015-04-05-19:33:34)]
[hue-alfred-workflow: request(put, /lights/3, {"name": "Blah"}) (2015-04-05-19:37:10)]
[hue-alfred-workflow: request(put, /lights/3, {"name": "desk"}) (2015-04-05-20:41:41)]
[hue-alfred-workflow: request(put, /lights/3, {"name": "Desk"}) (2015-04-05-20:41:48)]
[hue-alfred-workflow: request(put, /lights/3/state, {"bri": 255}) (2015-04-05-20:41:56)]
[hue-alfred-workflow: request(put, /groups/0/action, {"bri": 255}) (2015-04-05-20:42:06)]
[hue-alfred-workflow: request(put, /groups/0/action, {"bri": 127}) (2015-04-05-21:13:34)]
[hue-alfred-workflow: request(put, /groups/0/action, {"on": true}) (2015-04-06-11:18:29)]
[hue-alfred-workflow: request(put, /groups/0/action, {"on": false}) (2015-04-06-11:19:11)]
[hue-alfred-workflow: request(put, /groups/0/action, {"on": true}) (2015-04-08-19:35:59)]
[hue-alfred-workflow: request(put, /lights/3/state, {"xy": [0.33618074375880236, 0.3603696362840742]}) (2015-04-08-19:47:48)]
[hue-alfred-workflow: request(put, /groups/0/action, {"on": true}) (2015-04-22-19:47:22)]
[hue-alfred-workflow: request(put, /groups/0/action, {"bri": 127}) (2015-04-22-19:47:34)]
[hue-alfred-workflow: request(put, /groups/0/action, {"on": true}) (2015-04-22-21:38:51)]
[hue-alfred-workflow: request(put, /lights/1/state, {"on": true, "xy": [0.2963, 0.1376], "bri": 115}) (2015-04-22-21:38:58)]
[hue-alfred-workflow: request(put, /lights/3/state, {"on": true, "xy": [0.5153, 0.4301], "bri": 254}) (2015-04-22-21:38:58)]
[hue-alfred-workflow: request(put, /lights/2/state, {"on": true, "xy": [0.4206, 0.5095], "bri": 133}) (2015-04-22-21:38:58)]
[hue-alfred-workflow: request(put, /lights/5/state, {"on": true, "xy": [0.6482, 0.3309], "bri": 127}) (2015-04-22-21:38:58)]
[hue-alfred-workflow: request(put, /lights/4/state, {"on": true, "xy": [0.1719, 0.0497], "bri": 79}) (2015-04-22-21:38:58)]
[hue-alfred-workflow: request(put, /lights/6/state, {"on": true, "xy": [0.167, 0.04], "bri": 254}) (2015-04-22-21:38:58)]
[hue-alfred-workflow: request(put, /groups/0/action, {"bri": 84}) (2015-04-22-21:39:10)]
[hue-alfred-workflow: request(put, /lights/3/state, {"on": true}) (2015-04-23-09:49:08)]
[hue-alfred-workflow: request(put, /lights/3/state, {"xy": [0.167, 0.04]}) (2015-04-23-09:49:35)]
[hue-alfred-workflow: request(put, /lights/3/state, {"bri": 255}) (2015-04-23-09:49:42)]
[hue-alfred-workflow: request(put, /groups/0/action, {"on": true}) (2015-04-23-19:50:06)]
[hue-alfred-workflow: request(put, /lights/3/state, {"on": true}) (2015-04-25-16:00:37)]
[hue-alfred-workflow: request(put, /lights/5/state, {"on": false}) (2015-04-25-16:18:39)]
[hue-alfred-workflow: request(put, /lights/2/state, {"on": true}) (2015-04-25-16:19:03)]
[hue-alfred-workflow: request(put, /lights/6/state, {"on": true}) (2015-04-25-18:35:33)]
[hue-alfred-workflow: request(put, /groups/0/action, {"on": false}) (2015-04-25-18:46:41)]
[hue-alfred-workflow: request(put, /groups/0/action, {"on": true}) (2015-04-25-19:48:11)]
[hue-alfred-workflow: request(put, /groups/0/action, {"bri": 127}) (2015-04-25-19:48:20)]
[hue-alfred-workflow: request(put, /lights/4/state, {"on": false}) (2015-04-25-20:14:49)]
[hue-alfred-workflow: request(put, /lights/5/state, {"on": false}) (2015-04-25-20:14:53)]
[hue-alfred-workflow: request(put, /groups//groups/3/action, {"on": false}) (2015-04-25-20:15:38)]
[hue-alfred-workflow: request(put, /groups//groups/3/action, {"on": false}) (2015-04-25-20:15:48)]
[hue-alfred-workflow: request(put, /groups//groups/3/action, {"xy": [0.167, 0.04]}) (2015-04-25-20:15:58)]
[hue-alfred-workflow: request(put, /groups//groups/3/action, {"on": false}) (2015-04-25-20:16:26)]
[hue-alfred-workflow: request(put, /lights/3/state, {"on": true}) (2015-04-27-00:36:31)]
[hue-alfred-workflow: request(put, /groups//groups/3/action, {"on": false}) (2015-04-27-00:56:35)]
[hue-alfred-workflow: request(put, /groups/0/action, {"on": false}) (2015-04-27-00:56:46)]
[hue-alfred-workflow: request(put, /lights/3/state, {"on": true}) (2015-04-27-19:34:13)]
[hue-alfred-workflow: request(put, /groups//groups/3/action, {"on": false}) (2015-04-27-21:48:27)]
[hue-alfred-workflow: request(put, /groups/3, {"lights": ["1", "2", "3"]}) (2015-04-27-22:06:35)]
[hue-alfred-workflow: request(put, /groups/3, {"lights": ["2", "3", "4"]}) (2015-04-27-22:06:53)]
[hue-alfred-workflow: request(put, /groups//groups/3/action, {"on": false}) (2015-04-27-22:07:04)]
[hue-alfred-workflow: request(put, /groups/3/action, {"on": false}) (2015-04-27-22:10:41)]
[hue-alfred-workflow: request(put, /groups/0/action, {"on": true}) (2015-04-27-22:11:01)]
[hue-alfred-workflow: request(put, /lights/5/state, {"on": false}) (2015-04-27-22:11:08)]
[hue-alfred-workflow: request(post, /groups, {"lights": ["1", "2", "3"], "name": "Afred Hue Group"}) (2015-04-27-22:14:21)]
[hue-alfred-workflow: request(put, 6, {"lights": ["1", "2", "3"]}) (2015-04-27-22:15:12)]
[hue-alfred-workflow: request(put, 6/action, {"on": false}) (2015-04-27-22:15:17)]
[hue-alfred-workflow-beta: request(post, /groups, {"lights": ["1", "2", "3"], "name": "Afred Hue Group"}) (2015-04-27-22:26:57)]
[hue-alfred-workflow-beta: request(put, /groups/8/action, {"on": true}) (2015-04-27-22:27:12)]
[hue-alfred-workflow-beta: request(put, 8, {"lights": ["2", "3", "4"]}) (2015-04-27-22:27:32)]
[hue-alfred-workflow-beta: request(put, /groups/8/action, {"on": true}) (2015-04-27-22:27:38)]
[hue-alfred-workflow-beta: request(put, /groups/8/action, {"on": false}) (2015-04-27-22:28:07)]
[hue-alfred-workflow-beta: request(put, /groups/8, {"lights": ["2", "3", "4"]}) (2015-04-27-22:28:53)]
[hue-alfred-workflow-beta: request(put, /groups/8/action, {"on": true}) (2015-04-27-22:29:08)]
[hue-alfred-workflow-beta: request(put, /groups/8/action, {"on": false}) (2015-04-27-22:29:13)]
[hue-alfred-workflow-beta: request(put, /groups/8, {"lights": ["1", "2", "3", "6"]}) (2015-04-27-22:29:37)]
[hue-alfred-workflow-beta: request(put, /groups/8/action, {"on": false}) (2015-04-27-22:29:41)]
[hue-alfred-workflow-beta: request(put, /groups/8/action, {"on": true}) (2015-04-27-22:29:44)]
[hue-alfred-workflow-beta: request(put, /groups/8/action, {"on": true}) (2015-05-03-19:14:26)]
[hue-alfred-workflow-beta: request(put, /groups/8/action, {"bri": 25}) (2015-05-03-19:14:35)]
[hue-alfred-workflow-beta: request(put, /groups/8/action, {"on": true}) (2015-05-04-09:51:39)]
[hue-alfred-workflow-beta: request(put, /lights/3/state, {"on": true}) (2015-05-06-00:24:44)]
[hue-alfred-workflow-beta: request(put, /lights/3/state, {"on": true}) (2015-05-11-20:11:39)]
[hue-alfred-workflow-beta: request(put, /lights/3/state, {"bri": 255}) (2015-05-11-20:11:45)]
[hue-alfred-workflow-beta: request(put, /groups/8/action, {"on": true}) (2015-05-19-01:07:04)]
[hue-alfred-workflow-beta: request(put, /groups/8/action, {"xy": [0.5222549071378519, 0.43379438323826236]}) (2015-05-19-23:03:26)]
[hue-alfred-workflow-beta: request(put, /lights/3/state, {"on": true}) (2015-05-23-16:05:41)]
[hue-alfred-workflow-beta: request(put, /groups/8/action, {"on": true}) (2015-05-23-16:06:08)]
[hue-alfred-workflow-beta: request(put, /groups/8/action, {"on": false}) (2015-05-23-17:08:47)]
[hue-alfred-workflow-beta: request(put, /lights/3/state, {"on": true}) (2015-05-26-10:00:20)]
[hue-alfred-workflow-beta: request(put, /groups/8/action, {"on": false}) (2015-05-26-11:04:04)]
[hue-alfred-workflow-beta: request(put, /groups/0/action, {"on": false}) (2015-05-27-11:04:58)]
[hue-alfred-workflow-beta: request(put, /groups/0/action, {"on": false}) (2015-05-27-14:03:48)]
[hue-alfred-workflow-beta: request(put, /groups/0/action, {"on": false}) (2015-05-29-12:24:42)]
[hue-alfred-workflow-beta: request(put, /groups/0/action, {"on": false}) (2015-06-01-15:36:35)]
[hue-alfred-workflow-beta: request(put, /groups/0/action, {"on": true}) (2015-06-13-01:12:22)]
[hue-alfred-workflow-beta: request(put, /lights/1/state, {"on": true}) (2015-06-14-12:48:40)]
[hue-alfred-workflow-beta: request(put, /lights/2/state, {"on": true}) (2015-06-14-12:48:43)]
[hue-alfred-workflow-beta: request(put, /groups/0/action, {"on": true}) (2015-06-15-20:20:49)]
[hue-alfred-workflow-beta: request(put, /groups/0/action, {"bri": 127}) (2015-08-20-01:08:34)]
[hue-alfred-workflow-beta: request(put, /lights/3/state, {"bri": 255}) (2015-08-20-01:08:40)]
[hue-alfred-workflow-beta: request(put, /groups/0/action, {"on": false}) (2015-09-23-21:39:18)]
[hue-alfred-workflow-beta: request(put, /groups/0/action, {"on": true}) (2015-09-23-21:39:23)]
[hue-alfred-workflow-beta: request(put, /lights/4/state, {"on": false}) (2015-09-25-15:51:08)]
[hue-alfred-workflow-beta: request(put, /groups/0/action, {"xy": [0.5222549071378519, 0.43379438323826236]}) (2015-09-29-22:47:21)]
[hue-alfred-workflow-beta: request(put, /lights/1/state, {"xy": [0.4091, 0.518]}) (2015-10-02-23:39:50)]
[hue-alfred-workflow-beta: request(put, /lights/1/state, {"xy": [0.4359865072670962, 0.4981814387952206]}) (2015-10-02-23:40:37)]
[hue-alfred-workflow-beta: request(put, /groups/0/action, {"on": true}) (2015-10-03-18:46:01)]
[hue-alfred-workflow-beta: request(put, /groups/0/action, {"xy": [0.5222549071378519, 0.43379438323826236]}) (2015-10-03-18:46:08)]
[hue-alfred-workflow-beta: request(put, /lights/1/state, {"xy": [0.4091, 0.518]}) (2015-10-03-18:47:31)]
[hue-alfred-workflow-beta: request(put, /groups/0/action, {"xy": [0.5222549071378519, 0.43379438323826236]}) (2015-10-03-18:47:43)]
[hue-alfred-workflow-beta: request(put, /groups/0/action, {"on": true}) (2015-10-03-18:48:01)]
[hue-alfred-workflow-beta: request(put, /lights/2/state, {"xy": [0.4091, 0.518]}) (2015-10-03-18:48:24)]
[hue-alfred-workflow-beta: request(put, /lights/2/state, {"xy": [0.167, 0.04]}) (2015-10-03-18:48:30)]
[hue-alfred-workflow-beta: request(put, /groups/0/action, {"on": false}) (2015-10-05-17:09:32)]
[hue-alfred-workflow-beta: request(put, /groups/0/action, {"on": false}) (2015-10-08-18:45:31)]
[hue-alfred-workflow-beta: request(put, /groups/0/action, {"xy": [0.5222549071378519, 0.43379438323826236]}) (2015-10-08-18:48:56)]
[hue-alfred-workflow-beta: request(put, /groups/0/action, {"on": true}) (2015-10-08-18:49:03)]
[hue-alfred-workflow-beta: request(put, /groups/0/action, {"bri": 127}) (2015-10-08-18:49:12)]
[hue-alfred-workflow-beta: request(put, /lights/4/state, {"on": false}) (2015-10-08-18:49:17)]
[hue-alfred-workflow-beta: request(put, /lights/5/state, {"on": false}) (2015-10-08-18:49:25)]
[hue-alfred-workflow-beta: request(put, /groups/0/action, {"bri": 127}) (2015-10-20-18:51:29)]
[hue-alfred-workflow-beta: request(put, /groups/0/action, {"on": false}) (2015-10-22-11:46:38)]
[hue-alfred-workflow-beta: request(put, /lights/5/state, {"on": false}) (2015-11-01-18:40:46)]
[hue-alfred-workflow-beta: request(put, /groups/0/action, {"bri": 153}) (2015-11-07-21:14:05)]
[hue-alfred-workflow-beta: request(put, /groups/0/action, {"on": true}) (2015-11-10-17:07:20)]
[hue-alfred-workflow-beta: request(put, /lights/5/state, {"on": false}) (2015-11-10-17:07:29)]
[hue-alfred-workflow-beta: request(put, /groups/0/action, {"bri": 191}) (2015-11-10-17:23:08)]
[hue-alfred-workflow-beta: request(put, /groups/0/action, {"bri": 255}) (2015-11-10-17:23:14)]
[hue-alfred-workflow-beta: request(put, /lights/1/state, {"bri": 168}) (2015-11-12-20:15:16)]
[hue-alfred-workflow-beta: request(put, /lights/6/state, {"bri": 255}) (2015-11-12-20:15:22)]
[hue-alfred-workflow-beta: request(put, /lights/2/state, {"bri": 2}) (2015-11-12-20:15:57)]
[hue-alfred-workflow-beta: request(put, /lights/3/state, {"bri": 2}) (2015-11-12-20:16:09)]
[hue-alfred-workflow-beta: request(put, /lights/6/state, {"bri": 255}) (2015-11-15-17:26:59)]
[hue-alfred-workflow-beta: request(put, /lights/1/state, {"bri": 191}) (2015-11-15-17:27:08)]
[hue-alfred-workflow-beta: request(put, /groups/0/action, {"on": true}) (2015-11-17-17:06:47)]
[hue-alfred-workflow-beta: request(put, /lights/5/state, {"on": false}) (2015-11-17-17:06:53)]
[hue-alfred-workflow-beta: request(put, /lights/6/state, {"bri": 255}) (2015-11-17-17:18:10)]
[hue-alfred-workflow-beta: request(put, /lights/1/state, {"bri": 255}) (2015-11-17-17:18:17)]
[hue-alfred-workflow-beta: request(put, /lights/6/state, {"bri": 255}) (2015-11-24-17:09:04)]
[hue-alfred-workflow-beta: request(put, /lights/1/state, {"bri": 255}) (2015-11-24-17:09:14)]
[hue-alfred-workflow-beta: request(put, /groups/0/action, {"on": true}) (2015-11-30-16:56:45)]
[hue-alfred-workflow-beta: request(put, /lights/5/state, {"on": false}) (2015-11-30-16:56:52)]
[hue-alfred-workflow-beta: request(put, /groups/0/action, {"on": false}) (2015-12-05-15:11:04)]
[hue-alfred-workflow-beta: request(put, /lights/5, {"name": "Ceiling 1"}) (2015-12-05-15:17:17)]
[hue-alfred-workflow-beta: request(put, /lights/4, {"name": "Ceiling 2"}) (2015-12-05-15:17:23)]
[hue-alfred-workflow-beta: request(put, /lights/4, {"name": "Ceiling 1"}) (2015-12-05-15:17:43)]
[hue-alfred-workflow-beta: request(put, /lights/5, {"name": "Ceiling 2"}) (2015-12-05-15:17:56)]
[hue-alfred-workflow-beta: request(put, /lights/6/state, {"on": true}) (2015-12-05-15:18:11)]
[hue-alfred-workflow-beta: request(put, /lights/6/state, {"xy": [0.348040887092849, 0.17306269082375347]}) (2015-12-05-15:18:22)]
[hue-alfred-workflow-beta: request(put, /lights/6/state, {"bri": 255}) (2015-12-05-15:18:29)]
[hue-alfred-workflow-beta: request(put, /lights/1/state, {"on": true}) (2015-12-05-15:55:20)]
[hue-alfred-workflow-beta: request(put, /groups/0/action, {"xy": [0.5222549071378519, 0.43379438323826236]}) (2015-12-05-16:50:00)]
[hue-alfred-workflow-beta: request(put, /groups/0/action, {"xy": [0.4091, 0.518]}) (2015-12-05-16:50:15)]
[hue-alfred-workflow-beta: request(put, /groups/0/action, {"on": true}) (2016-02-14-18:09:55)]
[hue-alfred-workflow-beta: request(put, /lights/4/state, {"on": false}) (2016-02-14-18:10:03)]
[hue-alfred-workflow-beta: request(put, /lights/5/state, {"on": false}) (2016-02-14-18:10:07)]
[hue-alfred-workflow-beta: request(put, /groups/0/action, {"bri": 127}) (2016-02-14-18:10:16)]
[hue-alfred-workflow-beta: request(put, /lights/2/state, {"bri": 25}) (2016-02-14-18:10:24)]
[hue-alfred-workflow-beta: request(put, /groups/0/action, {"on": true}) (2016-02-15-18:05:42)]
[hue-alfred-workflow-beta: request(put, /lights/4/state, {"on": false}) (2016-02-15-18:05:47)]
[hue-alfred-workflow-beta: request(put, /lights/5/state, {"on": false}) (2016-02-15-18:05:50)]
[hue-alfred-workflow-beta: request(put, /lights/1/state, {"on": true}) (2016-02-17-10:56:29)]
[hue-alfred-workflow-beta: request(put, /lights/1/state, {"on": false}) (2016-02-17-10:57:03)]
[hue-alfred-workflow-beta: request(put, /lights/1/state, {"on": true}) (2016-02-17-11:01:06)]
[hue-alfred-workflow-beta: request(put, /lights/1/state, {"on": false}) (2016-02-17-11:01:10)]
[hue-alfred-workflow-beta: request(put, /groups/0/action, {"on": true}) (2016-02-17-16:54:53)]
[hue-alfred-workflow-beta: request(put, /lights/2/state, {"on": false}) (2016-02-18-01:28:30)]
[hue-alfred-workflow-beta: request(put, /groups/0/action, {"on": true}) (2016-02-23-18:05:23)]
[hue-alfred-workflow-beta: request(put, /lights/4/state, {"on": false}) (2016-02-23-18:08:23)]
[hue-alfred-workflow-beta: request(put, /lights/5/state, {"on": false}) (2016-02-23-18:08:26)]
[hue-alfred-workflow-beta: request(post, /groups, {"lights": ["1", "2", "3", "6"], "name": "Afred Hue Group"}) (2016-02-23-18:09:04)]
[hue-alfred-workflow-beta: request(put, /lights/2/state, {"on": false}) (2016-02-23-18:09:32)]
[hue-alfred-workflow-beta: request(put, /lights/1/state, {"bri": 255}) (2016-02-23-20:01:47)]
[hue-alfred-workflow-beta: request(put, /lights/6/state, {"bri": 255}) (2016-02-23-20:03:58)]
[hue-alfred-workflow-beta: request(put, /lights/6/state, {"on": false}) (2016-02-23-20:04:19)]
[hue-alfred-workflow-beta: request(put, /lights/6/state, {"on": true}) (2016-02-23-20:04:35)]
[hue-alfred-workflow-beta: request(put, /lights/6/state, {"xy": [0.33618074375880236, 0.3603696362840742]}) (2016-02-23-20:04:46)]
[hue-alfred-workflow-beta: request(put, /lights/1/state, {"xy": [0.33618074375880236, 0.3603696362840742]}) (2016-02-23-20:05:51)]
[hue-alfred-workflow-beta: request(put, /lights/3/state, {"xy": [0.38691690485804614, 0.3439967636742121]}) (2016-02-23-20:06:17)]
[hue-alfred-workflow-beta: request(put, /lights/3/state, {"xy": [0.348040887092849, 0.17306269082375347]}) (2016-02-23-20:06:40)]
[hue-alfred-workflow-beta: request(put, /lights/3/state, {"xy": [0.167, 0.04]}) (2016-02-23-20:12:25)]
[hue-alfred-workflow-beta: request(put, /lights/3/state, {"xy": [0.4415413365833515, 0.2751226494007001]}) (2016-02-23-20:13:00)]
[hue-alfred-workflow-beta: request(put, /lights/3/state, {"xy": [0.20556301170656732, 0.09821884088663889]}) (2016-02-23-20:17:26)]
[hue-alfred-workflow-beta: request(put, /lights/3/state, {"xy": [0.5921841259236148, 0.3013115145844306]}) (2016-02-23-20:17:46)]
[hue-alfred-workflow-beta: request(put, /groups/0/action, {"on": true}) (2016-02-24-18:04:54)]
[hue-alfred-workflow-beta: request(put, /lights/4/state, {"on": false}) (2016-02-24-18:26:47)]
[hue-alfred-workflow-beta: request(put, /lights/5/state, {"on": false}) (2016-02-24-18:26:50)]
[hue-alfred-workflow-beta: request(put, /groups/0/action, {"on": false}) (2016-02-29-10:43:21)]
[hue-alfred-workflow-beta: request(put, /groups/0/action, {"on": false}) (2016-02-29-11:28:30)]
[hue-alfred-workflow-beta: request(put, /groups/0/action, {"on": true}) (2016-02-29-18:01:06)]
[hue-alfred-workflow-beta: request(put, /lights/4/state, {"on": false}) (2016-02-29-18:01:10)]
[hue-alfred-workflow-beta: request(put, /lights/5/state, {"on": false}) (2016-02-29-18:01:14)]
[hue-alfred-workflow-beta: request(put, /groups/0/action, {"xy": [0.5222549071378519, 0.43379438323826236]}) (2016-02-29-18:16:26)]
[hue-alfred-workflow-beta: request(put, /groups/0/action, {"on": false}) (2016-03-01-10:41:33)]
[hue-alfred-workflow-beta: request(put, /groups/0/action, {"xy": [0.33618074375880236, 0.3603696362840742]}) (2016-03-01-20:11:24)]
[hue-alfred-workflow-beta: request(put, /groups/0/action, {"bri": 255}) (2016-03-01-20:11:31)]
[hue-alfred-workflow-beta: request(put, /groups/0/action, {"on": true}) (2016-03-04-12:01:16)]
[hue-alfred-workflow-beta: request(put, /groups/0/action, {"xy": [0.167, 0.04]}) (2016-03-04-12:01:23)]
[hue-alfred-workflow-beta: request(put, /groups/0/action, {"bri": 51}) (2016-03-04-12:01:28)]
[hue-alfred-workflow-beta: request(put, /groups/0/action, {"on": true}) (2016-03-14-19:16:09)]
[hue-alfred-workflow-beta: request(put, /lights/4/state, {"on": false}) (2016-03-14-19:16:14)]
[hue-alfred-workflow-beta: request(put, /lights/5/state, {"on": false}) (2016-03-14-19:16:18)]
[hue-alfred-workflow-beta: request(put, /lights/1/state, {"bri": 255}) (2016-03-15-21:06:14)]
[hue-alfred-workflow-beta: request(put, /lights/6/state, {"bri": 255}) (2016-03-15-21:06:27)]
[hue-alfred-workflow-beta: request(put, /lights/2/state, {"bri": 255}) (2016-03-15-21:06:36)]
[hue-alfred-workflow-beta: request(put, /groups/0/action, {"xy": [0.33618074375880236, 0.3603696362840742]}) (2016-03-15-21:06:53)]
[hue-alfred-workflow-beta: request(put, /lights/3/state, {"xy": [0.4415413365833515, 0.2751226494007001]}) (2016-03-15-21:07:30)]
[hue-alfred-workflow-beta: request(put, /lights/3/state, {"xy": [0.167, 0.04]}) (2016-03-15-21:51:52)]
[hue-alfred-workflow-beta: request(put, /groups/0/action, {"xy": [0.33618074375880236, 0.3603696362840742]}) (2016-03-21-21:02:03)]
[hue-alfred-workflow-beta: request(put, /lights/2/state, {"on": true}) (2016-03-21-21:02:08)]
[hue-alfred-workflow-beta: request(put, /groups/0/action, {"bri": 255}) (2016-03-21-21:02:15)]
[hue-alfred-workflow-beta: request(put, /groups/0/action, {"xy": [0.33618074375880236, 0.3603696362840742]}) (2016-03-21-21:02:23)]
[hue-alfred-workflow-beta: request(put, /lights/3/state, {"xy": [0.348040887092849, 0.17306269082375347]}) (2016-03-21-21:06:38)]
[hue-alfred-workflow-beta: request(put, /lights/3/state, {"xy": [0.4415413365833515, 0.2751226494007001]}) (2016-03-21-21:09:24)]
[hue-alfred-workflow-beta: request(put, /lights/3/state, {"xy": [0.5222549071378519, 0.43379438323826236]}) (2016-03-21-21:12:06)]
[hue-alfred-workflow-beta: request(put, /groups/0/action, {"on": true}) (2016-03-29-19:26:53)]
[hue-alfred-workflow-beta: request(put, /lights/4/state, {"on": false}) (2016-03-29-19:26:57)]
[hue-alfred-workflow-beta: request(put, /lights/5/state, {"on": false}) (2016-03-29-19:27:00)]
[hue-alfred-workflow-beta: request(put, /groups/0/action, {"bri": 127}) (2016-03-29-19:27:06)]
[hue-alfred-workflow-beta: request(put, /groups/0/action, {"xy": [0.5222549071378519, 0.43379438323826236]}) (2016-03-29-19:27:12)]
[hue-alfred-workflow-beta: request(put, /groups/0/action, {"on": true}) (2016-03-30-19:42:38)]
[hue-alfred-workflow-beta: request(put, /lights/4/state, {"on": false}) (2016-03-30-19:42:42)]
[hue-alfred-workflow-beta: request(put, /lights/5/state, {"on": false}) (2016-03-30-19:42:45)]
[hue-alfred-workflow-beta: request(put, /groups/0/action, {"xy": [0.33618074375880236, 0.3603696362840742]}) (2016-03-30-19:46:09)]
[hue-alfred-workflow-beta: request(put, /groups/0/action, {"bri": 255}) (2016-03-30-19:46:24)]
[hue-alfred-workflow-beta: request(put, /groups/0/action, {"on": true}) (2016-04-06-22:02:15)]
[hue-alfred-workflow-beta: request(put, /groups/0/action, {"bri": 255}) (2016-04-06-22:02:22)]
[hue-alfred-workflow-beta: request(put, /groups/0/action, {"xy": [0.33618074375880236, 0.3603696362840742]}) (2016-04-06-22:02:36)]
[hue-alfred-workflow-beta: request(put, /lights/6/state, {"on": false}) (2016-04-08-21:37:25)]
[hue-alfred-workflow-beta: request(put, /lights/1/state, {"on": false}) (2016-04-08-21:37:32)]
[hue-alfred-workflow-beta: request(put, /lights/3/state, {"xy": [0.167, 0.04]}) (2016-04-08-21:46:21)]
[hue-alfred-workflow-beta: request(put, /lights/1/state, {"on": false}) (2016-04-10-02:16:06)]
[hue-alfred-workflow-beta: request(put, /lights/6/state, {"on": false}) (2016-04-10-02:16:11)]
[hue-alfred-workflow-beta: request(put, /lights/1/state, {"on": true}) (2016-04-10-19:50:11)]
[hue-alfred-workflow-beta: request(put, /lights/6/state, {"on": true}) (2016-04-10-19:50:14)]
[hue-alfred-workflow-beta: request(put, /lights/6/state, {"on": false}) (2016-04-11-23:36:40)]
[hue-alfred-workflow-beta: request(put, /lights/1/state, {"on": true}) (2016-04-12-20:21:13)]
[hue-alfred-workflow-beta: request(put, /lights/6/state, {"on": true}) (2016-04-12-20:21:17)]
[hue-alfred-workflow-beta: request(put, /lights/3/state, {"on": true}) (2016-04-12-21:27:54)]
[hue-alfred-workflow-beta: request(put, /lights/6/state, {"on": false}) (2016-04-15-00:37:57)]
[hue-alfred-workflow-beta: request(put, /lights/1/state, {"on": false}) (2016-04-15-00:38:01)]
[hue-alfred-workflow-beta: request(put, /lights/1/state, {"xy": [0.33618074375880236, 0.3603696362840742]}) (2016-04-26-22:03:45)]
[hue-alfred-workflow-beta: request(put, /lights/1/state, {"bri": 255}) (2016-04-26-22:03:50)]
[hue-alfred-workflow-beta: request(put, /lights/6/state, {"xy": [0.33618074375880236, 0.3603696362840742]}) (2016-04-26-22:04:07)]
[hue-alfred-workflow-beta: request(put, /lights/6/state, {"bri": 255}) (2016-04-26-22:04:13)]
[hue-alfred-workflow-beta: request(put, /lights/9/state, {"on": false}) (2016-09-25-22:57:14)]
[hue-alfred-workflow-beta: request(put, /lights/8/state, {"on": false}) (2016-09-25-22:57:28)]
[hue-alfred-workflow-beta: request(put, /groups/0/action, {"on": false}) (2016-09-25-22:58:04)]
[hue-alfred-workflow-beta: request(put, /groups/0/action, {"on": true}) (2016-09-25-22:58:08)]
[hue-alfred-workflow-beta: request(post, /schedules, {"command": {"body": {"alert": "lselect"}, "method": "PUT", "address": "/api/w2pr7ChcyboBKX5AOt4KM9Bzawn3P-jEoBnKdVZU/groups/0/action"}, "name": "Alfred Hue Reminder", "time": "2016-09-26T05:59:32"}) (2016-09-25-22:59:29)]
[hue-alfred-workflow-beta: request(put, /groups/0/action, {"on": true}) (2016-09-26-19:19:43)]
[hue-alfred-workflow-beta: request(put, /lights/7/state, {"on": false}) (2016-10-01-10:55:57)]
[hue-alfred-workflow-beta: request(put, /lights/9/state, {"on": false}) (2016-10-01-10:56:28)]
[hue-alfred-workflow-beta: request(put, /lights/2/state, {"xy": [0.33618074375880236, 0.3603696362840742]}) (2016-10-01-10:56:54)]
[hue-alfred-workflow-beta: request(put, /lights/2/state, {"on": false}) (2016-10-01-22:35:21)]
[hue-alfred-workflow-beta: request(put, /groups/0/action, {"on": true}) (2016-10-02-20:40:38)]
[hue-alfred-workflow-beta: request(put, /lights/7, {"name": "Ceiling 3"}) (2016-10-04-22:54:10)]
[hue-alfred-workflow-beta: request(put, /lights/7, {"name": "Unknown"}) (2016-10-04-22:54:57)]
[hue-alfred-workflow-beta: request(put, /lights/7/state, {"on": false}) (2016-10-04-22:55:03)]
[hue-alfred-workflow-beta: request(put, /groups/0/action, {"on": true}) (2016-10-06-23:44:59)]
[hue-alfred-workflow-beta: request(put, /lights/2/state, {"on": false}) (2016-10-07-00:01:53)]
[hue-alfred-workflow-beta: request(put, /lights/6/state, {"bri": 255}) (2016-10-10-20:53:45)]
[hue-alfred-workflow-beta: request(put, /lights/1/state, {"bri": 255}) (2016-10-10-20:53:51)]
[hue-alfred-workflow-beta: request(put, /groups/0/action, {"on": true}) (2016-10-11-18:34:34)]
[hue-alfred-workflow-beta: request(put, /groups/0/action, {"on": true}) (2016-10-14-07:42:47)]
[hue-alfred-workflow-beta: request(put, /groups/0/action, {"on": true}) (2016-10-16-23:25:19)]
